2013-11-13 16:01:35 Error: [MissingViewException] View file "/var/www/cakephp/app/View/Alumnos/index.ctp" is missing.
Exception Attributes: array (
  'file' => '/var/www/cakephp/app/View/Alumnos/index.ctp',
)
Request URL: /cakephp/alumnos
Stack Trace:
#0 /var/www/cakephp/lib/Cake/View/View.php(459): View->_getViewFileName(NULL)
#1 /var/www/cakephp/lib/Cake/Controller/Controller.php(952): View->render(NULL, NULL)
#2 /var/www/cakephp/lib/Cake/Routing/Dispatcher.php(194): Controller->render()
#3 /var/www/cakephp/lib/Cake/Routing/Dispatcher.php(162): Dispatcher->_invoke(Object(AlumnosController), Object(CakeRequest), Object(CakeResponse))
#4 /var/www/cakephp/app/webroot/index.php(110): Dispatcher->dispatch(Object(CakeRequest), Object(CakeResponse))
#5 {main}
2013-11-13 16:03:51 Error: [NotFoundException] Invalid alumno
Request URL: /cakephp/alumnos/delete/0
Stack Trace:
#0 [internal function]: AlumnosController->delete('0')
#1 /var/www/cakephp/lib/Cake/Controller/Controller.php(490): ReflectionMethod->invokeArgs(Object(AlumnosController), Array)
#2 /var/www/cakephp/lib/Cake/Routing/Dispatcher.php(187): Controller->invokeAction(Object(CakeRequest))
#3 /var/www/cakephp/lib/Cake/Routing/Dispatcher.php(162): Dispatcher->_invoke(Object(AlumnosController), Object(CakeRequest), Object(CakeResponse))
#4 /var/www/cakephp/app/webroot/index.php(110): Dispatcher->dispatch(Object(CakeRequest), Object(CakeResponse))
#5 {main}
2013-11-16 01:56:50 Error: [MissingActionException] Action PeopleController::index() could not be found.
Exception Attributes: array (
  'controller' => 'PeopleController',
  'action' => 'index',
)
Request URL: /aci570-todo/people
Stack Trace:
#0 /var/www/aci570-todo/lib/Cake/Routing/Dispatcher.php(187): Controller->invokeAction(Object(CakeRequest))
#1 /var/www/aci570-todo/lib/Cake/Routing/Dispatcher.php(162): Dispatcher->_invoke(Object(PeopleController), Object(CakeRequest), Object(CakeResponse))
#2 /var/www/aci570-todo/app/webroot/index.php(110): Dispatcher->dispatch(Object(CakeRequest), Object(CakeResponse))
#3 {main}
2013-11-16 02:05:45 Error: [MissingActionException] Action PeopleController::index() could not be found.
Exception Attributes: array (
  'controller' => 'PeopleController',
  'action' => 'index',
)
Request URL: /aci570-todo/people
Stack Trace:
#0 /var/www/aci570-todo/lib/Cake/Routing/Dispatcher.php(187): Controller->invokeAction(Object(CakeRequest))
#1 /var/www/aci570-todo/lib/Cake/Routing/Dispatcher.php(162): Dispatcher->_invoke(Object(PeopleController), Object(CakeRequest), Object(CakeResponse))
#2 /var/www/aci570-todo/app/webroot/index.php(110): Dispatcher->dispatch(Object(CakeRequest), Object(CakeResponse))
#3 {main}
2013-11-16 02:05:54 Error: [MissingActionException] Action PeopleController::edit() could not be found.
Exception Attributes: array (
  'controller' => 'PeopleController',
  'action' => 'edit',
)
Request URL: /aci570-todo/people/edit
Stack Trace:
#0 /var/www/aci570-todo/lib/Cake/Routing/Dispatcher.php(187): Controller->invokeAction(Object(CakeRequest))
#1 /var/www/aci570-todo/lib/Cake/Routing/Dispatcher.php(162): Dispatcher->_invoke(Object(PeopleController), Object(CakeRequest), Object(CakeResponse))
#2 /var/www/aci570-todo/app/webroot/index.php(110): Dispatcher->dispatch(Object(CakeRequest), Object(CakeResponse))
#3 {main}
2013-11-16 02:06:01 Error: [MissingActionException] Action PeopleController::add() could not be found.
Exception Attributes: array (
  'controller' => 'PeopleController',
  'action' => 'add',
)
Request URL: /aci570-todo/people/add
Stack Trace:
#0 /var/www/aci570-todo/lib/Cake/Routing/Dispatcher.php(187): Controller->invokeAction(Object(CakeRequest))
#1 /var/www/aci570-todo/lib/Cake/Routing/Dispatcher.php(162): Dispatcher->_invoke(Object(PeopleController), Object(CakeRequest), Object(CakeResponse))
#2 /var/www/aci570-todo/app/webroot/index.php(110): Dispatcher->dispatch(Object(CakeRequest), Object(CakeResponse))
#3 {main}
